<?xml version="1.0" encoding="UTF-8"?>
<testsuites name="Mocha Tests" time="0.2430" tests="1" failures="1">
  <testsuite name="Root Suite" timestamp="2022-07-16T11:00:55" tests="0" file="cypress\e2e\spec2.cy.js" time="0.0000" failures="0">
  </testsuite>
  <testsuite name="empty spec 2" timestamp="2022-07-16T11:00:55" tests="1" time="0.2100" failures="1">
    <testcase name="empty spec 2 passes" time="0.0000" classname="passes">
      <failure message="expected true to equal false" type="AssertionError"><![CDATA[AssertionError: expected true to equal false
    at Context.eval (https://google.com/__cypress/tests?p=cypress\e2e\spec2.cy.js:102:21)]]></failure>
    </testcase>
  </testsuite>
</testsuites>